{"/Users/bennginigeme/Documents/coding/chef_jeff/chef-jeff-simple/lib/aiRecipeService.ts": {"path":"/Users/bennginigeme/Documents/coding/chef_jeff/chef-jeff-simple/lib/aiRecipeService.ts","statementMap":{"0":{"start":{"line":6,"column":15},"end":{"line":8,"column":2}},"1":{"start":{"line":54,"column":4},"end":{"line":85,"column":5}},"2":{"start":{"line":55,"column":26},"end":{"line":55,"column":56}},"3":{"start":{"line":56,"column":6},"end":{"line":56,"column":72}},"4":{"start":{"line":58,"column":23},"end":{"line":65,"column":8}},"5":{"start":{"line":67,"column":23},"end":{"line":67,"column":46}},"6":{"start":{"line":69,"column":6},"end":{"line":75,"column":7}},"7":{"start":{"line":70,"column":8},"end":{"line":70,"column":61}},"8":{"start":{"line":71,"column":8},"end":{"line":71,"column":40}},"9":{"start":{"line":73,"column":8},"end":{"line":73,"column":58}},"10":{"start":{"line":74,"column":8},"end":{"line":74,"column":30}},"11":{"start":{"line":78,"column":6},"end":{"line":78,"column":70}},"12":{"start":{"line":80,"column":6},"end":{"line":82,"column":7}},"13":{"start":{"line":81,"column":8},"end":{"line":81,"column":86}},"14":{"start":{"line":84,"column":6},"end":{"line":84,"column":60}},"15":{"start":{"line":89,"column":60},"end":{"line":89,"column":66}},"16":{"start":{"line":91,"column":28},"end":{"line":91,"column":98}},"17":{"start":{"line":91,"column":63},"end":{"line":91,"column":86}},"18":{"start":{"line":92,"column":25},"end":{"line":92,"column":62}},"19":{"start":{"line":93,"column":22},"end":{"line":93,"column":102}},"20":{"start":{"line":93,"column":39},"end":{"line":93,"column":101}},"21":{"start":{"line":94,"column":22},"end":{"line":94,"column":97}},"22":{"start":{"line":94,"column":39},"end":{"line":94,"column":96}},"23":{"start":{"line":96,"column":26},"end":{"line":96,"column":28}},"24":{"start":{"line":97,"column":4},"end":{"line":103,"column":5}},"25":{"start":{"line":98,"column":6},"end":{"line":98,"column":86}},"26":{"start":{"line":99,"column":11},"end":{"line":103,"column":5}},"27":{"start":{"line":100,"column":6},"end":{"line":100,"column":74}},"28":{"start":{"line":102,"column":6},"end":{"line":102,"column":70}},"29":{"start":{"line":105,"column":4},"end":{"line":105,"column":319}},"30":{"start":{"line":110,"column":4},"end":{"line":125,"column":5}},"31":{"start":{"line":112,"column":21},"end":{"line":112,"column":79}},"32":{"start":{"line":115,"column":6},"end":{"line":119,"column":7}},"33":{"start":{"line":116,"column":42},"end":{"line":116,"column":80}},"34":{"start":{"line":117,"column":8},"end":{"line":117,"column":34}},"35":{"start":{"line":118,"column":8},"end":{"line":118,"column":40}},"36":{"start":{"line":121,"column":6},"end":{"line":121,"column":19}},"37":{"start":{"line":123,"column":6},"end":{"line":123,"column":65}},"38":{"start":{"line":124,"column":6},"end":{"line":124,"column":17}},"39":{"start":{"line":130,"column":4},"end":{"line":192,"column":5}},"40":{"start":{"line":131,"column":21},"end":{"line":133,"column":57}},"41":{"start":{"line":135,"column":6},"end":{"line":135,"column":57}},"42":{"start":{"line":137,"column":25},"end":{"line":151,"column":8}},"43":{"start":{"line":153,"column":23},"end":{"line":153,"column":62}},"44":{"start":{"line":154,"column":6},"end":{"line":156,"column":7}},"45":{"start":{"line":155,"column":8},"end":{"line":155,"column":50}},"46":{"start":{"line":160,"column":6},"end":{"line":180,"column":7}},"47":{"start":{"line":161,"column":30},"end":{"line":161,"column":45}},"48":{"start":{"line":162,"column":8},"end":{"line":162,"column":91}},"49":{"start":{"line":164,"column":26},"end":{"line":164,"column":54}},"50":{"start":{"line":165,"column":24},"end":{"line":165,"column":56}},"51":{"start":{"line":167,"column":8},"end":{"line":169,"column":9}},"52":{"start":{"line":168,"column":10},"end":{"line":168,"column":77}},"53":{"start":{"line":171,"column":8},"end":{"line":171,"column":48}},"54":{"start":{"line":173,"column":8},"end":{"line":175,"column":9}},"55":{"start":{"line":174,"column":10},"end":{"line":174,"column":59}},"56":{"start":{"line":178,"column":8},"end":{"line":178,"column":78}},"57":{"start":{"line":179,"column":8},"end":{"line":179,"column":84}},"58":{"start":{"line":182,"column":31},"end":{"line":186,"column":7}},"59":{"start":{"line":188,"column":6},"end":{"line":188,"column":19}},"60":{"start":{"line":190,"column":6},"end":{"line":190,"column":62}},"61":{"start":{"line":191,"column":6},"end":{"line":191,"column":82}},"62":{"start":{"line":203,"column":4},"end":{"line":203,"column":70}},"63":{"start":{"line":205,"column":30},"end":{"line":216,"column":8}},"64":{"start":{"line":207,"column":8},"end":{"line":207,"column":50}},"65":{"start":{"line":208,"column":8},"end":{"line":208,"column":45}},"66":{"start":{"line":209,"column":8},"end":{"line":209,"column":21}},"67":{"start":{"line":212,"column":8},"end":{"line":212,"column":60}},"68":{"start":{"line":213,"column":25},"end":{"line":213,"column":92}},"69":{"start":{"line":214,"column":8},"end":{"line":214,"column":47}},"70":{"start":{"line":215,"column":8},"end":{"line":215,"column":23}},"71":{"start":{"line":218,"column":28},"end":{"line":229,"column":8}},"72":{"start":{"line":220,"column":8},"end":{"line":220,"column":47}},"73":{"start":{"line":221,"column":8},"end":{"line":221,"column":43}},"74":{"start":{"line":222,"column":8},"end":{"line":222,"column":21}},"75":{"start":{"line":225,"column":8},"end":{"line":225,"column":57}},"76":{"start":{"line":226,"column":25},"end":{"line":226,"column":96}},"77":{"start":{"line":227,"column":8},"end":{"line":227,"column":45}},"78":{"start":{"line":228,"column":8},"end":{"line":228,"column":23}},"79":{"start":{"line":231,"column":47},"end":{"line":234,"column":6}},"80":{"start":{"line":236,"column":4},"end":{"line":239,"column":5}},"81":{"start":{"line":250,"column":4},"end":{"line":250,"column":77}},"82":{"start":{"line":252,"column":30},"end":{"line":252,"column":103}},"83":{"start":{"line":257,"column":4},"end":{"line":272,"column":5}},"84":{"start":{"line":258,"column":6},"end":{"line":258,"column":43}},"85":{"start":{"line":260,"column":34},"end":{"line":260,"column":88}},"86":{"start":{"line":260,"column":68},"end":{"line":260,"column":87}},"87":{"start":{"line":261,"column":23},"end":{"line":261,"column":64}},"88":{"start":{"line":263,"column":6},"end":{"line":263,"column":54}},"89":{"start":{"line":264,"column":6},"end":{"line":266,"column":7}},"90":{"start":{"line":265,"column":8},"end":{"line":265,"column":123}},"91":{"start":{"line":268,"column":6},"end":{"line":268,"column":51}},"92":{"start":{"line":269,"column":6},"end":{"line":271,"column":7}},"93":{"start":{"line":270,"column":8},"end":{"line":270,"column":76}},"94":{"start":{"line":274,"column":27},"end":{"line":289,"column":8}},"95":{"start":{"line":280,"column":8},"end":{"line":280,"column":47}},"96":{"start":{"line":281,"column":8},"end":{"line":281,"column":42}},"97":{"start":{"line":282,"column":8},"end":{"line":282,"column":21}},"98":{"start":{"line":285,"column":8},"end":{"line":285,"column":57}},"99":{"start":{"line":286,"column":25},"end":{"line":286,"column":92}},"100":{"start":{"line":287,"column":8},"end":{"line":287,"column":44}},"101":{"start":{"line":288,"column":8},"end":{"line":288,"column":23}},"102":{"start":{"line":291,"column":27},"end":{"line":306,"column":8}},"103":{"start":{"line":297,"column":8},"end":{"line":297,"column":47}},"104":{"start":{"line":298,"column":8},"end":{"line":298,"column":42}},"105":{"start":{"line":299,"column":8},"end":{"line":299,"column":21}},"106":{"start":{"line":302,"column":8},"end":{"line":302,"column":57}},"107":{"start":{"line":303,"column":25},"end":{"line":303,"column":92}},"108":{"start":{"line":304,"column":8},"end":{"line":304,"column":44}},"109":{"start":{"line":305,"column":8},"end":{"line":305,"column":23}},"110":{"start":{"line":308,"column":31},"end":{"line":311,"column":6}},"111":{"start":{"line":313,"column":4},"end":{"line":313,"column":31}},"112":{"start":{"line":328,"column":8},"end":{"line":328,"column":15}},"113":{"start":{"line":330,"column":28},"end":{"line":330,"column":85}},"114":{"start":{"line":333,"column":26},"end":{"line":336,"column":5}},"115":{"start":{"line":338,"column":27},"end":{"line":342,"column":5}},"116":{"start":{"line":344,"column":29},"end":{"line":349,"column":5}},"117":{"start":{"line":352,"column":24},"end":{"line":352,"column":87}},"118":{"start":{"line":353,"column":25},"end":{"line":353,"column":90}},"119":{"start":{"line":354,"column":27},"end":{"line":354,"column":96}},"120":{"start":{"line":357,"column":26},"end":{"line":357,"column":57}},"121":{"start":{"line":358,"column":31},"end":{"line":358,"column":58}},"122":{"start":{"line":360,"column":17},"end":{"line":429,"column":72}},"123":{"start":{"line":431,"column":4},"end":{"line":431,"column":17}},"124":{"start":{"line":435,"column":25},"end":{"line":435,"column":70}},"125":{"start":{"line":436,"column":4},"end":{"line":439,"column":184}},"126":{"start":{"line":443,"column":71},"end":{"line":443,"column":78}},"127":{"start":{"line":444,"column":28},"end":{"line":444,"column":85}},"128":{"start":{"line":446,"column":4},"end":{"line":477,"column":5}},"129":{"start":{"line":450,"column":47},"end":{"line":454,"column":7}},"130":{"start":{"line":482,"column":4},"end":{"line":482,"column":63}},"131":{"start":{"line":486,"column":33},"end":{"line":486,"column":56}}},"fnMap":{"0":{"name":"(anonymous_0)","decl":{"start":{"line":50,"column":2},"end":{"line":50,"column":3}},"loc":{"start":{"line":53,"column":5},"end":{"line":86,"column":3}},"line":53},"1":{"name":"(anonymous_1)","decl":{"start":{"line":88,"column":2},"end":{"line":88,"column":3}},"loc":{"start":{"line":88,"column":63},"end":{"line":106,"column":3}},"line":88},"2":{"name":"(anonymous_2)","decl":{"start":{"line":91,"column":56},"end":{"line":91,"column":57}},"loc":{"start":{"line":91,"column":63},"end":{"line":91,"column":86}},"line":91},"3":{"name":"(anonymous_3)","decl":{"start":{"line":93,"column":32},"end":{"line":93,"column":33}},"loc":{"start":{"line":93,"column":39},"end":{"line":93,"column":101}},"line":93},"4":{"name":"(anonymous_4)","decl":{"start":{"line":94,"column":32},"end":{"line":94,"column":33}},"loc":{"start":{"line":94,"column":39},"end":{"line":94,"column":96}},"line":94},"5":{"name":"(anonymous_5)","decl":{"start":{"line":109,"column":2},"end":{"line":109,"column":3}},"loc":{"start":{"line":109,"column":122},"end":{"line":126,"column":3}},"line":109},"6":{"name":"(anonymous_6)","decl":{"start":{"line":129,"column":2},"end":{"line":129,"column":3}},"loc":{"start":{"line":129,"column":118},"end":{"line":193,"column":3}},"line":129},"7":{"name":"(anonymous_7)","decl":{"start":{"line":195,"column":2},"end":{"line":195,"column":3}},"loc":{"start":{"line":202,"column":5},"end":{"line":240,"column":3}},"line":202},"8":{"name":"(anonymous_8)","decl":{"start":{"line":206,"column":12},"end":{"line":206,"column":13}},"loc":{"start":{"line":206,"column":22},"end":{"line":210,"column":7}},"line":206},"9":{"name":"(anonymous_9)","decl":{"start":{"line":211,"column":13},"end":{"line":211,"column":14}},"loc":{"start":{"line":211,"column":22},"end":{"line":216,"column":7}},"line":211},"10":{"name":"(anonymous_10)","decl":{"start":{"line":219,"column":12},"end":{"line":219,"column":13}},"loc":{"start":{"line":219,"column":22},"end":{"line":223,"column":7}},"line":219},"11":{"name":"(anonymous_11)","decl":{"start":{"line":224,"column":13},"end":{"line":224,"column":14}},"loc":{"start":{"line":224,"column":22},"end":{"line":229,"column":7}},"line":224},"12":{"name":"(anonymous_12)","decl":{"start":{"line":242,"column":2},"end":{"line":242,"column":3}},"loc":{"start":{"line":249,"column":5},"end":{"line":314,"column":3}},"line":249},"13":{"name":"(anonymous_13)","decl":{"start":{"line":260,"column":62},"end":{"line":260,"column":63}},"loc":{"start":{"line":260,"column":68},"end":{"line":260,"column":87}},"line":260},"14":{"name":"(anonymous_14)","decl":{"start":{"line":279,"column":12},"end":{"line":279,"column":13}},"loc":{"start":{"line":279,"column":22},"end":{"line":283,"column":7}},"line":279},"15":{"name":"(anonymous_15)","decl":{"start":{"line":284,"column":13},"end":{"line":284,"column":14}},"loc":{"start":{"line":284,"column":22},"end":{"line":289,"column":7}},"line":284},"16":{"name":"(anonymous_16)","decl":{"start":{"line":296,"column":12},"end":{"line":296,"column":13}},"loc":{"start":{"line":296,"column":22},"end":{"line":300,"column":7}},"line":296},"17":{"name":"(anonymous_17)","decl":{"start":{"line":301,"column":13},"end":{"line":301,"column":14}},"loc":{"start":{"line":301,"column":22},"end":{"line":306,"column":7}},"line":301},"18":{"name":"(anonymous_18)","decl":{"start":{"line":316,"column":2},"end":{"line":316,"column":3}},"loc":{"start":{"line":316,"column":92},"end":{"line":432,"column":3}},"line":316},"19":{"name":"(anonymous_19)","decl":{"start":{"line":434,"column":2},"end":{"line":434,"column":3}},"loc":{"start":{"line":434,"column":94},"end":{"line":440,"column":3}},"line":434},"20":{"name":"(anonymous_20)","decl":{"start":{"line":442,"column":2},"end":{"line":442,"column":3}},"loc":{"start":{"line":442,"column":106},"end":{"line":478,"column":3}},"line":442},"21":{"name":"(anonymous_21)","decl":{"start":{"line":450,"column":39},"end":{"line":450,"column":40}},"loc":{"start":{"line":450,"column":47},"end":{"line":454,"column":7}},"line":450},"22":{"name":"(anonymous_22)","decl":{"start":{"line":481,"column":2},"end":{"line":481,"column":3}},"loc":{"start":{"line":481,"column":83},"end":{"line":483,"column":3}},"line":481}},"branchMap":{"0":{"loc":{"start":{"line":69,"column":6},"end":{"line":75,"column":7}},"type":"if","locations":[{"start":{"line":69,"column":6},"end":{"line":75,"column":7}},{"start":{"line":72,"column":13},"end":{"line":75,"column":7}}],"line":69},"1":{"loc":{"start":{"line":80,"column":6},"end":{"line":82,"column":7}},"type":"if","locations":[{"start":{"line":80,"column":6},"end":{"line":82,"column":7}},{"start":{},"end":{}}],"line":80},"2":{"loc":{"start":{"line":80,"column":10},"end":{"line":80,"column":80}},"type":"binary-expr","locations":[{"start":{"line":80,"column":10},"end":{"line":80,"column":44}},{"start":{"line":80,"column":48},"end":{"line":80,"column":80}}],"line":80},"3":{"loc":{"start":{"line":89,"column":28},"end":{"line":89,"column":37}},"type":"default-arg","locations":[{"start":{"line":89,"column":35},"end":{"line":89,"column":37}}],"line":89},"4":{"loc":{"start":{"line":89,"column":39},"end":{"line":89,"column":55}},"type":"default-arg","locations":[{"start":{"line":89,"column":53},"end":{"line":89,"column":55}}],"line":89},"5":{"loc":{"start":{"line":92,"column":25},"end":{"line":92,"column":62}},"type":"cond-expr","locations":[{"start":{"line":92,"column":35},"end":{"line":92,"column":57}},{"start":{"line":92,"column":60},"end":{"line":92,"column":62}}],"line":92},"6":{"loc":{"start":{"line":97,"column":4},"end":{"line":103,"column":5}},"type":"if","locations":[{"start":{"line":97,"column":4},"end":{"line":103,"column":5}},{"start":{"line":99,"column":11},"end":{"line":103,"column":5}}],"line":97},"7":{"loc":{"start":{"line":99,"column":11},"end":{"line":103,"column":5}},"type":"if","locations":[{"start":{"line":99,"column":11},"end":{"line":103,"column":5}},{"start":{"line":101,"column":11},"end":{"line":103,"column":5}}],"line":99},"8":{"loc":{"start":{"line":105,"column":43},"end":{"line":105,"column":83}},"type":"binary-expr","locations":[{"start":{"line":105,"column":43},"end":{"line":105,"column":63}},{"start":{"line":105,"column":67},"end":{"line":105,"column":83}}],"line":105},"9":{"loc":{"start":{"line":109,"column":73},"end":{"line":109,"column":101}},"type":"default-arg","locations":[{"start":{"line":109,"column":97},"end":{"line":109,"column":101}}],"line":109},"10":{"loc":{"start":{"line":115,"column":6},"end":{"line":119,"column":7}},"type":"if","locations":[{"start":{"line":115,"column":6},"end":{"line":119,"column":7}},{"start":{},"end":{}}],"line":115},"11":{"loc":{"start":{"line":131,"column":21},"end":{"line":133,"column":57}},"type":"cond-expr","locations":[{"start":{"line":132,"column":10},"end":{"line":132,"column":55}},{"start":{"line":133,"column":10},"end":{"line":133,"column":57}}],"line":131},"12":{"loc":{"start":{"line":142,"column":161},"end":{"line":142,"column":207}},"type":"cond-expr","locations":[{"start":{"line":142,"column":181},"end":{"line":142,"column":194}},{"start":{"line":142,"column":197},"end":{"line":142,"column":207}}],"line":142},"13":{"loc":{"start":{"line":154,"column":6},"end":{"line":156,"column":7}},"type":"if","locations":[{"start":{"line":154,"column":6},"end":{"line":156,"column":7}},{"start":{},"end":{}}],"line":154},"14":{"loc":{"start":{"line":167,"column":8},"end":{"line":169,"column":9}},"type":"if","locations":[{"start":{"line":167,"column":8},"end":{"line":169,"column":9}},{"start":{},"end":{}}],"line":167},"15":{"loc":{"start":{"line":167,"column":12},"end":{"line":167,"column":69}},"type":"binary-expr","locations":[{"start":{"line":167,"column":12},"end":{"line":167,"column":28}},{"start":{"line":167,"column":32},"end":{"line":167,"column":46}},{"start":{"line":167,"column":50},"end":{"line":167,"column":69}}],"line":167},"16":{"loc":{"start":{"line":173,"column":8},"end":{"line":175,"column":9}},"type":"if","locations":[{"start":{"line":173,"column":8},"end":{"line":175,"column":9}},{"start":{},"end":{}}],"line":173},"17":{"loc":{"start":{"line":173,"column":12},"end":{"line":173,"column":84}},"type":"binary-expr","locations":[{"start":{"line":173,"column":12},"end":{"line":173,"column":29}},{"start":{"line":173,"column":33},"end":{"line":173,"column":56}},{"start":{"line":173,"column":60},"end":{"line":173,"column":84}}],"line":173},"18":{"loc":{"start":{"line":185,"column":19},"end":{"line":185,"column":40}},"type":"binary-expr","locations":[{"start":{"line":185,"column":19},"end":{"line":185,"column":34}},{"start":{"line":185,"column":38},"end":{"line":185,"column":40}}],"line":185},"19":{"loc":{"start":{"line":185,"column":43},"end":{"line":185,"column":89}},"type":"cond-expr","locations":[{"start":{"line":185,"column":63},"end":{"line":185,"column":76}},{"start":{"line":185,"column":79},"end":{"line":185,"column":89}}],"line":185},"20":{"loc":{"start":{"line":252,"column":30},"end":{"line":252,"column":103}},"type":"cond-expr","locations":[{"start":{"line":252,"column":73},"end":{"line":252,"column":98}},{"start":{"line":252,"column":101},"end":{"line":252,"column":103}}],"line":252},"21":{"loc":{"start":{"line":257,"column":4},"end":{"line":272,"column":5}},"type":"if","locations":[{"start":{"line":257,"column":4},"end":{"line":272,"column":5}},{"start":{"line":259,"column":11},"end":{"line":272,"column":5}}],"line":257},"22":{"loc":{"start":{"line":264,"column":6},"end":{"line":266,"column":7}},"type":"if","locations":[{"start":{"line":264,"column":6},"end":{"line":266,"column":7}},{"start":{},"end":{}}],"line":264},"23":{"loc":{"start":{"line":269,"column":6},"end":{"line":271,"column":7}},"type":"if","locations":[{"start":{"line":269,"column":6},"end":{"line":271,"column":7}},{"start":{},"end":{}}],"line":269},"24":{"loc":{"start":{"line":277,"column":26},"end":{"line":277,"column":55}},"type":"binary-expr","locations":[{"start":{"line":277,"column":26},"end":{"line":277,"column":49}},{"start":{"line":277,"column":53},"end":{"line":277,"column":55}}],"line":277},"25":{"loc":{"start":{"line":294,"column":26},"end":{"line":294,"column":55}},"type":"binary-expr","locations":[{"start":{"line":294,"column":26},"end":{"line":294,"column":49}},{"start":{"line":294,"column":53},"end":{"line":294,"column":55}}],"line":294},"26":{"loc":{"start":{"line":318,"column":6},"end":{"line":318,"column":28}},"type":"default-arg","locations":[{"start":{"line":318,"column":26},"end":{"line":318,"column":28}}],"line":318},"27":{"loc":{"start":{"line":319,"column":6},"end":{"line":319,"column":30}},"type":"default-arg","locations":[{"start":{"line":319,"column":28},"end":{"line":319,"column":30}}],"line":319},"28":{"loc":{"start":{"line":320,"column":6},"end":{"line":320,"column":22}},"type":"default-arg","locations":[{"start":{"line":320,"column":20},"end":{"line":320,"column":22}}],"line":320},"29":{"loc":{"start":{"line":321,"column":6},"end":{"line":321,"column":18}},"type":"default-arg","locations":[{"start":{"line":321,"column":17},"end":{"line":321,"column":18}}],"line":321},"30":{"loc":{"start":{"line":323,"column":6},"end":{"line":323,"column":25}},"type":"default-arg","locations":[{"start":{"line":323,"column":19},"end":{"line":323,"column":25}}],"line":323},"31":{"loc":{"start":{"line":325,"column":6},"end":{"line":325,"column":27}},"type":"default-arg","locations":[{"start":{"line":325,"column":25},"end":{"line":325,"column":27}}],"line":325},"32":{"loc":{"start":{"line":330,"column":28},"end":{"line":330,"column":85}},"type":"cond-expr","locations":[{"start":{"line":330,"column":63},"end":{"line":330,"column":80}},{"start":{"line":330,"column":83},"end":{"line":330,"column":85}}],"line":330},"33":{"loc":{"start":{"line":368,"column":22},"end":{"line":368,"column":103}},"type":"cond-expr","locations":[{"start":{"line":368,"column":51},"end":{"line":368,"column":77}},{"start":{"line":368,"column":80},"end":{"line":368,"column":103}}],"line":368},"34":{"loc":{"start":{"line":369,"column":2},"end":{"line":369,"column":42}},"type":"cond-expr","locations":[{"start":{"line":369,"column":13},"end":{"line":369,"column":37}},{"start":{"line":369,"column":40},"end":{"line":369,"column":42}}],"line":369},"35":{"loc":{"start":{"line":373,"column":2},"end":{"line":373,"column":44}},"type":"cond-expr","locations":[{"start":{"line":373,"column":12},"end":{"line":373,"column":39}},{"start":{"line":373,"column":42},"end":{"line":373,"column":44}}],"line":373},"36":{"loc":{"start":{"line":374,"column":2},"end":{"line":374,"column":57}},"type":"cond-expr","locations":[{"start":{"line":374,"column":18},"end":{"line":374,"column":52}},{"start":{"line":374,"column":55},"end":{"line":374,"column":57}}],"line":374},"37":{"loc":{"start":{"line":375,"column":2},"end":{"line":375,"column":97}},"type":"cond-expr","locations":[{"start":{"line":375,"column":35},"end":{"line":375,"column":92}},{"start":{"line":375,"column":95},"end":{"line":375,"column":97}}],"line":375},"38":{"loc":{"start":{"line":376,"column":2},"end":{"line":376,"column":94}},"type":"cond-expr","locations":[{"start":{"line":376,"column":32},"end":{"line":376,"column":89}},{"start":{"line":376,"column":92},"end":{"line":376,"column":94}}],"line":376},"39":{"loc":{"start":{"line":377,"column":2},"end":{"line":377,"column":62}},"type":"cond-expr","locations":[{"start":{"line":377,"column":20},"end":{"line":377,"column":57}},{"start":{"line":377,"column":60},"end":{"line":377,"column":62}}],"line":377},"40":{"loc":{"start":{"line":443,"column":12},"end":{"line":443,"column":34}},"type":"default-arg","locations":[{"start":{"line":443,"column":32},"end":{"line":443,"column":34}}],"line":443},"41":{"loc":{"start":{"line":443,"column":36},"end":{"line":443,"column":52}},"type":"default-arg","locations":[{"start":{"line":443,"column":50},"end":{"line":443,"column":52}}],"line":443},"42":{"loc":{"start":{"line":443,"column":54},"end":{"line":443,"column":66}},"type":"default-arg","locations":[{"start":{"line":443,"column":65},"end":{"line":443,"column":66}}],"line":443},"43":{"loc":{"start":{"line":444,"column":28},"end":{"line":444,"column":85}},"type":"cond-expr","locations":[{"start":{"line":444,"column":63},"end":{"line":444,"column":80}},{"start":{"line":444,"column":83},"end":{"line":444,"column":85}}],"line":444}},"s":{"0":1,"1":1,"2":1,"3":1,"4":1,"5":0,"6":0,"7":0,"8":0,"9":0,"10":0,"11":1,"12":1,"13":0,"14":1,"15":2,"16":2,"17":6,"18":2,"19":2,"20":6,"21":2,"22":6,"23":2,"24":2,"25":0,"26":2,"27":0,"28":2,"29":2,"30":1,"31":1,"32":1,"33":1,"34":1,"35":1,"36":1,"37":0,"38":0,"39":22,"40":22,"41":22,"42":22,"43":0,"44":0,"45":0,"46":0,"47":0,"48":0,"49":0,"50":0,"51":0,"52":0,"53":0,"54":0,"55":0,"56":0,"57":0,"58":0,"59":0,"60":22,"61":22,"62":1,"63":1,"64":1,"65":1,"66":1,"67":0,"68":0,"69":0,"70":0,"71":1,"72":1,"73":1,"74":1,"75":0,"76":0,"77":0,"78":0,"79":1,"80":1,"81":0,"82":0,"83":0,"84":0,"85":0,"86":0,"87":0,"88":0,"89":0,"90":0,"91":0,"92":0,"93":0,"94":0,"95":0,"96":0,"97":0,"98":0,"99":0,"100":0,"101":0,"102":0,"103":0,"104":0,"105":0,"106":0,"107":0,"108":0,"109":0,"110":0,"111":0,"112":22,"113":22,"114":22,"115":22,"116":22,"117":22,"118":22,"119":22,"120":22,"121":22,"122":22,"123":22,"124":1,"125":1,"126":22,"127":22,"128":22,"129":134,"130":19,"131":1},"f":{"0":1,"1":2,"2":6,"3":6,"4":6,"5":1,"6":22,"7":1,"8":1,"9":0,"10":1,"11":0,"12":0,"13":0,"14":0,"15":0,"16":0,"17":0,"18":22,"19":1,"20":22,"21":134,"22":19},"b":{"0":[0,0],"1":[0,1],"2":[1,1],"3":[0],"4":[0],"5":[2,0],"6":[0,2],"7":[0,2],"8":[2,0],"9":[0],"10":[1,0],"11":[21,1],"12":[21,1],"13":[0,0],"14":[0,0],"15":[0,0,0],"16":[0,0],"17":[0,0,0],"18":[0,0],"19":[0,0],"20":[0,0],"21":[0,0],"22":[0,0],"23":[0,0],"24":[0,0],"25":[0,0],"26":[0],"27":[22],"28":[22],"29":[22],"30":[22],"31":[22],"32":[22,0],"33":[21,1],"34":[0,22],"35":[0,22],"36":[0,22],"37":[0,22],"38":[0,22],"39":[2,20],"40":[0],"41":[22],"42":[22],"43":[22,0]},"_coverageSchema":"1a1c01bbd47fc00a2c39e90264f33305004495a9","hash":"b7b0ca95978d29610fa4475edc8c3bdc56a11a3c"}
}
