TN:
SF:lib/aiRecipeService.ts
FN:50,(anonymous_0)
FN:88,(anonymous_1)
FN:91,(anonymous_2)
FN:93,(anonymous_3)
FN:94,(anonymous_4)
FN:109,(anonymous_5)
FN:129,(anonymous_6)
FN:195,(anonymous_7)
FN:206,(anonymous_8)
FN:211,(anonymous_9)
FN:219,(anonymous_10)
FN:224,(anonymous_11)
FN:242,(anonymous_12)
FN:260,(anonymous_13)
FN:279,(anonymous_14)
FN:284,(anonymous_15)
FN:296,(anonymous_16)
FN:301,(anonymous_17)
FN:316,(anonymous_18)
FN:434,(anonymous_19)
FN:442,(anonymous_20)
FN:450,(anonymous_21)
FN:481,(anonymous_22)
FNF:23
FNH:15
FNDA:1,(anonymous_0)
FNDA:2,(anonymous_1)
FNDA:6,(anonymous_2)
FNDA:6,(anonymous_3)
FNDA:6,(anonymous_4)
FNDA:1,(anonymous_5)
FNDA:22,(anonymous_6)
FNDA:1,(anonymous_7)
FNDA:1,(anonymous_8)
FNDA:0,(anonymous_9)
FNDA:1,(anonymous_10)
FNDA:0,(anonymous_11)
FNDA:0,(anonymous_12)
FNDA:0,(anonymous_13)
FNDA:0,(anonymous_14)
FNDA:0,(anonymous_15)
FNDA:0,(anonymous_16)
FNDA:0,(anonymous_17)
FNDA:22,(anonymous_18)
FNDA:1,(anonymous_19)
FNDA:22,(anonymous_20)
FNDA:134,(anonymous_21)
FNDA:19,(anonymous_22)
DA:6,1
DA:54,1
DA:55,1
DA:56,1
DA:58,1
DA:67,0
DA:69,0
DA:70,0
DA:71,0
DA:73,0
DA:74,0
DA:78,1
DA:80,1
DA:81,0
DA:84,1
DA:89,2
DA:91,6
DA:92,2
DA:93,6
DA:94,6
DA:96,2
DA:97,2
DA:98,0
DA:99,2
DA:100,0
DA:102,2
DA:105,2
DA:110,1
DA:112,1
DA:115,1
DA:116,1
DA:117,1
DA:118,1
DA:121,1
DA:123,0
DA:124,0
DA:130,22
DA:131,22
DA:135,22
DA:137,22
DA:153,0
DA:154,0
DA:155,0
DA:160,0
DA:161,0
DA:162,0
DA:164,0
DA:165,0
DA:167,0
DA:168,0
DA:171,0
DA:173,0
DA:174,0
DA:178,0
DA:179,0
DA:182,0
DA:188,0
DA:190,22
DA:191,22
DA:203,1
DA:205,1
DA:207,1
DA:208,1
DA:209,1
DA:212,0
DA:213,0
DA:214,0
DA:215,0
DA:218,1
DA:220,1
DA:221,1
DA:222,1
DA:225,0
DA:226,0
DA:227,0
DA:228,0
DA:231,1
DA:236,1
DA:250,0
DA:252,0
DA:257,0
DA:258,0
DA:260,0
DA:261,0
DA:263,0
DA:264,0
DA:265,0
DA:268,0
DA:269,0
DA:270,0
DA:274,0
DA:280,0
DA:281,0
DA:282,0
DA:285,0
DA:286,0
DA:287,0
DA:288,0
DA:291,0
DA:297,0
DA:298,0
DA:299,0
DA:302,0
DA:303,0
DA:304,0
DA:305,0
DA:308,0
DA:313,0
DA:328,22
DA:330,22
DA:333,22
DA:338,22
DA:344,22
DA:352,22
DA:353,22
DA:354,22
DA:357,22
DA:358,22
DA:360,22
DA:431,22
DA:435,1
DA:436,1
DA:443,22
DA:444,22
DA:446,22
DA:450,134
DA:482,19
DA:486,1
LF:128
LH:62
BRDA:69,0,0,0
BRDA:69,0,1,0
BRDA:80,1,0,0
BRDA:80,1,1,1
BRDA:80,2,0,1
BRDA:80,2,1,1
BRDA:89,3,0,0
BRDA:89,4,0,0
BRDA:92,5,0,2
BRDA:92,5,1,0
BRDA:97,6,0,0
BRDA:97,6,1,2
BRDA:99,7,0,0
BRDA:99,7,1,2
BRDA:105,8,0,2
BRDA:105,8,1,0
BRDA:109,9,0,0
BRDA:115,10,0,1
BRDA:115,10,1,0
BRDA:131,11,0,21
BRDA:131,11,1,1
BRDA:142,12,0,21
BRDA:142,12,1,1
BRDA:154,13,0,0
BRDA:154,13,1,0
BRDA:167,14,0,0
BRDA:167,14,1,0
BRDA:167,15,0,0
BRDA:167,15,1,0
BRDA:167,15,2,0
BRDA:173,16,0,0
BRDA:173,16,1,0
BRDA:173,17,0,0
BRDA:173,17,1,0
BRDA:173,17,2,0
BRDA:185,18,0,0
BRDA:185,18,1,0
BRDA:185,19,0,0
BRDA:185,19,1,0
BRDA:252,20,0,0
BRDA:252,20,1,0
BRDA:257,21,0,0
BRDA:257,21,1,0
BRDA:264,22,0,0
BRDA:264,22,1,0
BRDA:269,23,0,0
BRDA:269,23,1,0
BRDA:277,24,0,0
BRDA:277,24,1,0
BRDA:294,25,0,0
BRDA:294,25,1,0
BRDA:318,26,0,0
BRDA:319,27,0,22
BRDA:320,28,0,22
BRDA:321,29,0,22
BRDA:323,30,0,22
BRDA:325,31,0,22
BRDA:330,32,0,22
BRDA:330,32,1,0
BRDA:368,33,0,21
BRDA:368,33,1,1
BRDA:369,34,0,0
BRDA:369,34,1,22
BRDA:373,35,0,0
BRDA:373,35,1,22
BRDA:374,36,0,0
BRDA:374,36,1,22
BRDA:375,37,0,0
BRDA:375,37,1,22
BRDA:376,38,0,0
BRDA:376,38,1,22
BRDA:377,39,0,2
BRDA:377,39,1,20
BRDA:443,40,0,0
BRDA:443,41,0,22
BRDA:443,42,0,22
BRDA:444,43,0,22
BRDA:444,43,1,0
BRF:78
BRH:30
end_of_record
